<?xml version="1.0" encoding="utf-8"?><testsuites name="pytest tests"><testsuite name="pytest" errors="0" failures="0" skipped="0" tests="9" time="0.637" timestamp="2026-07-05T05:32:12.994889+03:00" hostname="HOME-PC"><testcase classname="products.tg-bot-template.tests.test_bot" name="test_bot_py_compiles" time="0.048" /><testcase classname="products.tg-bot-template.tests.test_bot" name="test_demo_py_compiles" time="0.063" /><testcase classname="products.tg-bot-template.tests.test_bot" name="test_demo_runs" time="0.084" /><testcase classname="products.tg-bot-template.tests.test_bot" name="test_requirements_exists" time="0.001" /><testcase classname="products.tg-bot-template.tests.test_bot" name="test_readme_exists" time="0.001" /><testcase classname="products.tg-bot-template.tests.test_bot" name="test_env_example_exists" time="0.001" /><testcase classname="products.tg-bot-template.tests.test_bot" name="test_dockerfile_exists" time="0.001" /><testcase classname="products.tg-bot-template.tests.test_bot" name="test_makefile_exists" time="0.001" /><testcase classname="products.tg-bot-template.tests.test_bot" name="test_bot_has_handlers" time="0.002" /></testsuite></testsuites>