<?xml version="1.0" encoding="utf-8"?><testsuites name="pytest tests"><testsuite name="pytest" errors="0" failures="0" skipped="0" tests="5" time="0.570" timestamp="2026-07-05T05:32:23.579214+03:00" hostname="HOME-PC"><testcase classname="products.fastapi-template.tests.test_api" name="test_main_compiles" time="0.051" /><testcase classname="products.fastapi-template.tests.test_api" name="test_demo_compiles" time="0.051" /><testcase classname="products.fastapi-template.tests.test_api" name="test_demo_runs" time="0.100" /><testcase classname="products.fastapi-template.tests.test_api" name="test_has_endpoints" time="0.005" /><testcase classname="products.fastapi-template.tests.test_api" name="test_files_exist" time="0.001" /></testsuite></testsuites>